40 a0 7f 92 00 00 00 01|01
40 a0 e6 00 00 00 00 01|01
40 a0 7f 92 00 00 00 01|01
40 a0 e6 00 00 00 00 01|01
40 a0 03 68 00 00 00 10|90 e6 68 e0 ff 74 ff f0 e0 b4 0b 04 ef f0 d3 22
40 a0 03 78 00 00 00 06|90 e6 68 ef f0 c3
40 a0 03 7e 00 00 00 01|22
40 a0 01 b5 00 00 00 10|90 7f e9 e0 64 a3 60 03 02 02 c5 a3 e0 75 08 00
40 a0 01 c5 00 00 00 10|f5 09 a3 e0 fe e4 ee 42 08 90 7f ee e0 75 0a 00
40 a0 01 d5 00 00 00 10|f5 0b a3 e0 fe e4 ee 42 0a 90 7f e8 e0 64 40 70
40 a0 01 e5 00 00 00 10|64 e5 0b 45 0a 70 03 02 02 d6 e4 90 7f c5 f0 90
40 a0 01 f5 00 00 00 10|7f b4 e0 20 e3 f9 90 7f c5 e0 75 0c 00 f5 0d e4
40 a0 02 05 00 00 00 10|fc fd c3 ed 95 0d ec 95 0c 50 1f 74 c0 2d f5 82
40 a0 02 15 00 00 00 10|e4 34 7e f5 83 e0 ff e5 09 2d f5 82 e5 08 3c f5
40 a0 02 25 00 00 00 10|83 ef f0 0d bd 00 01 0c 80 d8 e5 0d 25 09 f5 09
40 a0 02 35 00 00 00 10|e5 0c 35 08 f5 08 c3 e5 0b 95 0d f5 0b e5 0a 95
40 a0 02 45 00 00 00 10|0c f5 0a 80 9c 90 7f e8 e0 64 c0 60 03 02 02 d6
40 a0 02 55 00 00 00 10|e5 0b 45 0a 60 7b c3 e5 0b 94 40 e5 0a 94 00 50
40 a0 02 65 00 00 00 10|08 85 0a 0c 85 0b 0d 80 06 75 0c 00 75 0d 40 e4
40 a0 02 75 00 00 00 10|fc fd c3 ed 95 0d ec 95 0c 50 1f e5 09 2d f5 82
40 a0 02 85 00 00 00 10|e5 08 3c f5 83 e0 ff 74 00 2d f5 82 e4 34 7f f5
40 a0 02 95 00 00 00 10|83 ef f0 0d bd 00 01 0c 80 d8 90 7f b5 e5 0d f0
40 a0 02 a5 00 00 00 10|25 09 f5 09 e5 0c 35 08 f5 08 c3 e5 0b 95 0d f5
40 a0 02 b5 00 00 00 10|0b e5 0a 95 0c f5 0a 90 7f b4 e0 30 e2 92 80 f7
40 a0 02 c5 00 00 00 10|90 7f e9 e0 b4 ac 0a e4 90 7f 00 f0 90 7f b5 04
40 a0 02 d5 00 00 00 08|f0 90 7f b4 e0 44 02 f0
40 a0 02 dd 00 00 00 01|22
40 a0 00 80 00 00 00 10|90 e6 b9 e0 64 a3 60 03 02 01 98 a3 e0 75 08 00
40 a0 00 90 00 00 00 10|f5 09 a3 e0 fe e4 ee 42 08 90 e6 be e0 75 0a 00
40 a0 00 a0 00 00 00 10|f5 0b a3 e0 fe e4 ee 42 0a 90 e6 b8 e0 64 40 70
40 a0 00 b0 00 00 00 10|66 e5 0b 45 0a 70 03 02 01 ad e4 90 e6 8a f0 a3
40 a0 00 c0 00 00 00 10|f0 90 e6 a0 e0 20 e1 f9 90 e6 8b e0 75 0c 00 f5
40 a0 00 d0 00 00 00 10|0d e4 fc fd c3 ed 95 0d ec 95 0c 50 1f 74 40 2d
40 a0 00 e0 00 00 00 10|f5 82 e4 34 e7 f5 83 e0 ff e5 09 2d f5 82 e5 08
40 a0 00 f0 00 00 00 10|3c f5 83 ef f0 0d bd 00 01 0c 80 d8 e5 0d 25 09
40 a0 01 00 00 00 00 10|f5 09 e5 0c 35 08 f5 08 c3 e5 0b 95 0d f5 0b e5
40 a0 01 10 00 00 00 10|0a 95 0c f5 0a 80 9a 90 e6 b8 e0 64 c0 60 03 02
40 a0 01 20 00 00 00 10|01 ad e5 0b 45 0a 70 03 02 01 ad c3 e5 0b 94 40
40 a0 01 30 00 00 00 10|e5 0a 94 00 50 08 85 0a 0c 85 0b 0d 80 06 75 0c
40 a0 01 40 00 00 00 10|00 75 0d 40 e4 fc fd c3 ed 95 0d ec 95 0c 50 1f
40 a0 01 50 00 00 00 10|e5 09 2d f5 82 e5 08 3c f5 83 e0 ff 74 40 2d f5
40 a0 01 60 00 00 00 10|82 e4 34 e7 f5 83 ef f0 0d bd 00 01 0c 80 d8 e4
40 a0 01 70 00 00 00 10|90 e6 8a f0 a3 e5 0d f0 25 09 f5 09 e5 0c 35 08
40 a0 01 80 00 00 00 10|f5 08 c3 e5 0b 95 0d f5 0b e5 0a 95 0c f5 0a 90
40 a0 01 90 00 00 00 10|e6 a0 e0 30 e1 8c 80 f7 90 e6 b9 e0 b4 ac 0e 90
40 a0 01 a0 00 00 00 10|e7 40 74 01 f0 e4 90 e6 8a f0 a3 04 f0 90 e6 a0
40 a0 01 b0 00 00 00 04|e0 44 80 f0
40 a0 01 b4 00 00 00 01|22
40 a0 02 de 00 00 00 10|c2 01 12 03 68 92 00 90 7f 95 e0 44 c0 f0 d2 e8
40 a0 02 ee 00 00 00 10|30 00 08 90 e6 5d 74 ff f0 80 06 90 7f ab 74 ff
40 a0 02 fe 00 00 00 10|f0 30 00 08 90 e6 68 74 08 f0 80 07 90 7f af e0
40 a0 03 0e 00 00 00 10|44 01 f0 30 00 08 90 e6 5c 74 01 f0 80 06 90 7f
40 a0 03 1e 00 00 00 10|ae 74 01 f0 d2 af 30 01 fd 30 00 05 12 00 80 80
40 a0 03 2e 00 00 00 08|03 12 01 b5 c2 01 80 ee
40 a0 00 03 00 00 00 03|02 03 36
40 a0 03 36 00 00 00 10|c0 e0 c0 83 c0 82 c0 85 c0 84 c0 86 75 86 00 d2
40 a0 03 46 00 00 00 10|01 53 91 ef 30 00 08 90 e6 5d 74 01 f0 80 06 90
40 a0 03 56 00 00 00 10|7f ab 74 01 f0 d0 86 d0 84 d0 85 d0 82 d0 83 d0
40 a0 03 66 00 00 00 02|e0 32
40 a0 00 43 00 00 00 03|02 04 00
40 a0 04 00 00 00 00 04|02 03 36 00
40 a0 00 00 00 00 00 03|02 03 7f
40 a0 03 7f 00 00 00 0c|78 7f e4 f6 d8 fd 75 81 20 02 02 de
40 a0 7f 92 00 00 00 01|00
40 a0 e6 00 00 00 00 01|00
40 a0 7f 92 00 00 00 01|01
40 a0 e6 00 00 00 00 01|01
40 a0 0c 6b 00 00 00 0a|00 01 02 02 03 03 04 04 05 05
40 a0 02 a4 00 00 00 10|e4 f5 13 f5 12 f5 11 f5 10 c2 09 c2 06 c2 08 c2
40 a0 02 b4 00 00 00 10|07 12 09 3a 7e 08 7f 00 8e 44 8f 45 75 4c 08 75
40 a0 02 c4 00 00 00 10|4d 12 75 42 08 75 43 1c 75 4a 08 75 4b 4a 75 4e
40 a0 02 d4 00 00 00 10|08 75 4f 78 ee 54 e0 70 03 02 03 ea 75 14 00 75
40 a0 02 e4 00 00 00 10|15 80 8e 16 8f 17 c3 74 a4 9f ff 74 08 9e cf 24
40 a0 02 f4 00 00 00 10|02 cf 34 00 fe e4 8f 0f 8e 0e f5 0d f5 0c f5 0b
40 a0 03 04 00 00 00 10|f5 0a f5 09 f5 08 af 0f ae 0e ad 0d ac 0c ab 0b
40 a0 03 14 00 00 00 10|aa 0a a9 09 a8 08 c3 12 06 d4 50 26 e5 15 25 0b
40 a0 03 24 00 00 00 10|f5 82 e5 14 35 0a f5 83 74 cd f0 e5 0b 24 01 f5
40 a0 03 34 00 00 00 10|0b e4 35 0a f5 0a e4 35 09 f5 09 e4 35 08 f5 08
40 a0 03 44 00 00 00 10|80 c4 e4 f5 0b f5 0a f5 09 f5 08 af 0f ae 0e ad
40 a0 03 54 00 00 00 10|0d ac 0c ab 0b aa 0a a9 09 a8 08 c3 12 06 d4 50
40 a0 03 64 00 00 00 10|33 e5 17 25 0b f5 82 e5 16 35 0a f5 83 e0 ff e5
40 a0 03 74 00 00 00 10|15 25 0b f5 82 e5 14 35 0a f5 83 ef f0 e5 0b 24
40 a0 03 84 00 00 00 10|01 f5 0b e4 35 0a f5 0a e4 35 09 f5 09 e4 35 08
40 a0 03 94 00 00 00 10|f5 08 80 b7 85 14 44 85 15 45 74 00 24 80 ff 74
40 a0 03 a4 00 00 00 10|08 34 ff fe c3 e5 4d 9f f5 4d e5 4c 9e f5 4c c3
40 a0 03 b4 00 00 00 10|e5 47 9f f5 47 e5 46 9e f5 46 c3 e5 49 9f f5 49
40 a0 03 c4 00 00 00 10|e5 48 9e f5 48 c3 e5 43 9f f5 43 e5 42 9e f5 42
40 a0 03 d4 00 00 00 10|c3 e5 4b 9f f5 4b e5 4a 9e f5 4a c3 e5 4f 9f f5
40 a0 03 e4 00 00 00 10|4f e5 4e 9e f5 4e d2 e8 43 d8 20 90 e6 68 e0 44
40 a0 03 f4 00 00 00 10|09 f0 90 e6 5c e0 44 3d f0 d2 af 90 e6 80 e0 20
40 a0 04 04 00 00 00 10|e1 05 d2 0a 12 0a b8 90 e6 80 e0 54 f7 f0 e4 f5
40 a0 04 14 00 00 00 10|8e c2 09 30 07 05 12 00 80 c2 07 30 09 29 12 0c
40 a0 04 24 00 00 00 10|8b 50 24 c2 09 12 0b d7 20 06 16 90 e6 82 e0 30
40 a0 04 34 00 00 00 10|e7 04 e0 20 e1 ef 90 e6 82 e0 30 e6 04 e0 20 e0
40 a0 04 44 00 00 00 0c|e4 12 0a e7 12 0c 8d 12 04 50 80 c7
40 a0 00 80 00 00 00 10|90 e6 b9 e0 70 03 02 01 31 14 70 03 02 01 ae 24
40 a0 00 90 00 00 00 10|fe 70 03 02 02 31 24 fb 70 03 02 01 2b 14 70 03
40 a0 00 a0 00 00 00 10|02 01 25 14 60 73 14 60 76 24 05 60 03 02 02 90
40 a0 00 b0 00 00 00 10|12 0c 8f 40 03 02 02 9c 90 e6 bb e0 24 fe 60 22
40 a0 00 c0 00 00 00 10|14 60 33 24 fd 60 11 14 60 22 24 06 70 48 e5 44
40 a0 00 d0 00 00 00 10|90 e6 b3 f0 e5 45 80 37 e5 4c 90 e6 b3 f0 e5 4d
40 a0 00 e0 00 00 00 10|80 2d e5 46 90 e6 b3 f0 e5 47 80 23 e5 48 90 e6
40 a0 00 f0 00 00 00 10|b3 f0 e5 49 80 19 90 e6 ba e0 ff 12 0b 13 aa 06
40 a0 01 00 00 00 00 10|a9 07 7b 01 ea 49 4b 60 0d ee 90 e6 b3 f0 ef 90
40 a0 01 10 00 00 00 10|e6 b4 f0 02 02 9c 02 02 95 12 0c 3d 02 02 9c 12
40 a0 01 20 00 00 00 10|0c 7f 02 02 9c 12 06 f7 02 02 9c 12 06 e5 02 02
40 a0 01 30 00 00 00 10|9c 12 0c 91 40 03 02 02 9c 90 e6 b8 e0 24 7f 60
40 a0 01 40 00 00 00 10|15 14 60 19 24 02 70 63 a2 06 e4 33 25 e0 ff a2
40 a0 01 50 00 00 00 10|08 e4 33 4f 80 41 e4 90 e7 40 f0 80 3f 90 e6 bc
40 a0 01 60 00 00 00 10|e0 54 7e ff 7e 00 e0 d3 94 80 7c 00 40 04 7d 01
40 a0 01 70 00 00 00 10|80 02 7d 00 ec 4e fe ed 4f 24 6b f5 82 74 0c 3e
40 a0 01 80 00 00 00 10|f5 83 e4 93 ff 33 95 e0 fe ef 24 a1 ff ee 34 e6
40 a0 01 90 00 00 00 10|8f 82 f5 83 e0 54 01 90 e7 40 f0 e4 a3 f0 90 e6
40 a0 01 a0 00 00 00 10|8a f0 90 e6 8b 74 02 f0 02 02 9c 02 02 95 12 0c
40 a0 01 b0 00 00 00 10|93 40 03 02 02 9c 90 e6 b8 e0 24 fe 60 16 24 02
40 a0 01 c0 00 00 00 10|60 03 02 02 9c 90 e6 ba e0 b4 01 05 c2 06 02 02
40 a0 01 d0 00 00 00 10|9c 02 02 95 90 e6 ba e0 70 55 90 e6 bc e0 54 7e
40 a0 01 e0 00 00 00 10|ff 7e 00 e0 d3 94 80 7c 00 40 04 7d 01 80 02 7d
40 a0 01 f0 00 00 00 10|00 ec 4e fe ed 4f 24 6b f5 82 74 0c 3e f5 83 e4
40 a0 02 00 00 00 00 10|93 ff 33 95 e0 fe ef 24 a1 ff ee 34 e6 8f 82 f5
40 a0 02 10 00 00 00 10|83 e0 54 fe f0 90 e6 bc e0 54 80 13 13 13 54 1f
40 a0 02 20 00 00 00 10|ff e0 54 0f 2f 90 e6 83 f0 e0 44 20 f0 80 6d 80
40 a0 02 30 00 00 00 10|64 12 0c 95 50 66 90 e6 b8 e0 24 fe 60 19 24 02
40 a0 02 40 00 00 00 10|70 5a 90 e6 ba e0 b4 01 04 d2 06 80 4f 90 e6 ba
40 a0 02 50 00 00 00 10|e0 64 02 60 47 80 3e 90 e6 bc e0 54 7e ff 7e 00
40 a0 02 60 00 00 00 10|e0 d3 94 80 7c 00 40 04 7d 01 80 02 7d 00 ec 4e
40 a0 02 70 00 00 00 10|fe ed 4f 24 6b f5 82 74 0c 3e f5 83 e4 93 ff 33
40 a0 02 80 00 00 00 10|95 e0 fe ef 24 a1 ff ee 34 e6 8f 82 f5 83 80 08
40 a0 02 90 00 00 00 10|12 0c 97 50 07 90 e6 a0 e0 44 01 f0 90 e6 a0 e0
40 a0 02 a0 00 00 00 03|44 80 f0
40 a0 02 a3 00 00 00 01|22
40 a0 00 0b 00 00 00 03|02 0a 89
40 a0 0a 89 00 00 00 10|c0 e0 c0 d0 05 28 e5 28 70 02 05 27 30 03 08 05
40 a0 0a 99 00 00 00 10|37 e5 37 70 02 05 36 d3 e5 28 94 0f e5 27 94 00
40 a0 0a a9 00 00 00 0f|40 08 75 27 00 75 28 00 d2 02 d0 d0 d0 e0 32
40 a0 00 33 00 00 00 03|02 0c 87
40 a0 0c 87 00 00 00 04|53 d8 ef 32
40 a0 08 00 00 00 00 10|12 01 00 02 00 00 00 40 99 99 55 55 00 00 01 02
40 a0 08 10 00 00 00 10|00 01 0a 06 00 02 00 00 00 40 01 00 09 02 2e 00
40 a0 08 20 00 00 00 10|01 01 00 a0 32 09 04 00 00 04 ff 00 00 00 07 05
40 a0 08 30 00 00 00 10|86 02 00 02 00 07 05 02 02 00 02 00 07 05 04 02
40 a0 08 40 00 00 00 10|00 02 00 07 05 88 02 00 02 00 09 02 2e 00 01 01
40 a0 08 50 00 00 00 10|00 a0 32 09 04 00 00 04 ff 00 00 00 07 05 86 02
40 a0 08 60 00 00 00 10|40 00 00 07 05 02 02 40 00 00 07 05 04 02 40 00
40 a0 08 70 00 00 00 10|00 07 05 88 02 40 00 00 04 03 09 04 12 03 4c 00
40 a0 08 80 00 00 00 10|61 00 73 00 65 00 72 00 53 00 68 00 77 00 16 03
40 a0 08 90 00 00 00 10|55 00 53 00 42 00 32 00 30 00 2d 00 43 00 61 00
40 a0 08 a0 00 00 00 06|72 00 64 00 00 00
40 a0 09 3a 00 00 00 10|90 e6 00 e0 54 e7 44 10 f0 90 e6 10 74 a0 f0 90
40 a0 09 4a 00 00 00 10|e6 11 f0 00 00 00 90 e6 12 74 a2 f0 00 00 00 90
40 a0 09 5a 00 00 00 10|e6 13 74 a0 f0 00 00 00 90 e6 14 74 e2 f0 00 00
40 a0 09 6a 00 00 00 10|00 90 e6 15 74 e0 f0 00 00 00 90 e6 91 74 80 f0
40 a0 09 7a 00 00 00 10|00 00 00 f0 00 00 00 90 e6 95 f0 00 00 00 f0 43
40 a0 09 8a 00 00 00 10|af 01 75 b2 ff e4 f5 b3 75 b4 ff 75 b5 ff 75 b6
40 a0 09 9a 00 00 00 10|ff d2 06 75 89 21 f5 8a f5 8c d2 a9 d2 8c c2 03
40 a0 09 aa 00 00 00 0d|f5 24 f5 25 f5 41 c2 01 c2 02 c2 00 22
40 a0 08 a6 00 00 00 10|e5 41 14 60 33 14 60 5c 24 02 70 7b d2 86 c2 87
40 a0 08 b6 00 00 00 10|20 03 07 e4 f5 36 f5 37 d2 03 d3 e5 37 94 06 e5
40 a0 08 c6 00 00 00 10|36 94 00 40 62 85 90 24 e4 f5 36 f5 37 c2 03 75
40 a0 08 d6 00 00 00 10|41 01 c2 86 c2 87 80 4f c2 86 c2 87 20 03 07 e4
40 a0 08 e6 00 00 00 10|f5 36 f5 37 d2 03 d3 e5 37 94 06 e5 36 94 00 40
40 a0 08 f6 00 00 00 10|36 85 90 25 e4 f5 36 f5 37 c2 03 75 41 02 c2 86
40 a0 09 06 00 00 00 10|d2 87 80 23 c2 86 d2 87 20 03 07 e4 f5 36 f5 37
40 a0 09 16 00 00 00 10|d2 03 d3 e5 37 94 06 e5 36 94 00 40 0a 85 90 2f
40 a0 09 26 00 00 00 10|e4 f5 36 f5 37 c2 03 e5 24 b4 e6 07 e5 25 b4 a5
40 a0 09 36 00 00 00 04|02 d2 01 22
40 a0 0b fc 00 00 00 10|e4 7f 02 fe fd fc ab 3d aa 3c a9 3b a8 3a 12 06
40 a0 0c 0c 00 00 00 01|85
40 a0 0c 0d 00 00 00 10|d3 ef 94 00 ee 94 00 40 07 ef 1f 70 f3 1e 80 f0
40 a0 0c 1d 00 00 00 01|22
40 a0 0c 75 00 00 00 0a|ef d3 94 00 40 03 1f 80 f7 22
40 a0 0c 1e 00 00 00 10|85 31 b0 c2 81 c2 80 c2 80 d2 80 d2 80 85 32 b0
40 a0 0c 2e 00 00 00 0f|d2 81 c2 80 c2 80 d2 80 d2 80 af 23 02 0c 75
40 a0 05 cd 00 00 00 10|e5 3e d3 95 31 40 07 e5 3e 95 31 fd 80 06 c3 e5
40 a0 05 dd 00 00 00 10|31 95 3e fd e5 3f d3 95 32 40 07 e5 3f 95 32 fe
40 a0 05 ed 00 00 00 10|80 06 c3 e5 32 95 3f fe ac 05 ab 06 ed d3 9e 40
40 a0 05 fd 00 00 00 10|43 e5 32 b5 3f 06 e5 31 65 3e 60 7b ec d3 9b 40
40 a0 06 0d 00 00 00 10|05 ec 9b fc 80 17 c3 ed 9b 2c fc e5 32 d3 95 3f
40 a0 06 1d 00 00 00 10|40 02 15 32 e5 32 c3 95 3f 50 02 05 32 e5 31 d3
40 a0 06 2d 00 00 00 10|95 3e 40 02 15 31 e5 31 c3 95 3e 50 02 05 31 12
40 a0 06 3d 00 00 00 10|0c 1e 80 bd e5 32 b5 3f 06 e5 31 65 3e 60 38 eb
40 a0 06 4d 00 00 00 10|d3 9c 40 05 eb 9c fb 80 17 c3 ee 9c 2b fb e5 31
40 a0 06 5d 00 00 00 10|d3 95 3e 40 02 15 31 e5 31 c3 95 3e 50 02 05 31
40 a0 06 6d 00 00 00 10|e5 32 d3 95 3f 40 02 15 32 e5 32 c3 95 3f 50 02
40 a0 06 7d 00 00 00 07|05 32 12 0c 1e 80 bd
40 a0 06 84 00 00 00 01|22
40 a0 07 b8 00 00 00 10|e5 2e d3 94 00 40 04 d2 84 80 02 c2 84 e5 26 d3
40 a0 07 c8 00 00 00 10|94 00 40 04 d2 83 80 02 c2 83 e5 2c d3 94 00 40
40 a0 07 d8 00 00 00 10|04 d2 82 80 02 c2 82 e5 2e d3 94 00 50 0c e5 26
40 a0 07 e8 00 00 00 10|94 00 50 06 e5 2c 94 00 40 04 d2 85 80 02 c2 85
40 a0 07 f8 00 00 00 08|c2 02 e4 f5 27 f5 28 22
40 a0 0c 4f 00 00 00 10|c2 84 c2 83 c2 82 c2 85 c2 02 e4 f5 27 f5 28 22
40 a0 04 50 00 00 00 10|e4 f5 18 f5 19 f5 1a f5 1b 30 02 03 12 0c 4f e5
40 a0 04 60 00 00 00 10|aa 30 e0 03 02 05 c6 74 f0 f5 9a 74 00 f5 9b 7a
40 a0 04 70 00 00 00 10|f8 79 00 7f 00 74 f8 f5 9d 74 00 f5 9e 90 e6 90
40 a0 04 80 00 00 00 10|e0 fe 90 e6 91 e0 7c 00 24 00 f5 39 ec 3e f5 38
40 a0 04 90 00 00 00 10|e4 f5 18 f5 19 c3 e5 19 95 39 e5 18 95 38 50 12
40 a0 04 a0 00 00 00 10|90 e6 7b e0 90 e6 7c f0 05 19 e5 19 70 e7 05 18
40 a0 04 b0 00 00 00 10|80 e3 00 00 00 90 e6 91 74 80 f0 20 01 03 02 05
40 a0 04 c0 00 00 00 10|c9 e5 39 64 02 45 38 70 12 90 f8 00 e0 ff e4 8f
40 a0 04 d0 00 00 00 10|3d f5 3c f5 3b f5 3a a3 e0 f5 23 d3 e5 39 94 07
40 a0 04 e0 00 00 00 10|e5 38 94 00 50 03 02 05 c6 e5 39 ae 38 78 03 ce
40 a0 04 f0 00 00 00 10|c3 13 ce 13 d8 f9 f5 1b 8e 1a e4 f5 18 f5 19 c3
40 a0 05 00 00 00 00 10|e5 19 95 1b e5 18 95 1a 40 03 02 05 c6 e5 19 ae
40 a0 05 10 00 00 00 10|18 78 03 c3 33 ce 33 ce d8 f9 ff 24 00 f5 82 74
40 a0 05 20 00 00 00 10|f8 3e f5 83 e0 f5 3e 74 02 2f f5 82 74 f8 3e f5
40 a0 05 30 00 00 00 10|83 e0 f5 3f e5 19 ae 18 78 03 c3 33 ce 33 ce d8
40 a0 05 40 00 00 00 10|f9 ff 24 04 f5 82 74 f8 3e f5 83 e0 f5 2e 74 05
40 a0 05 50 00 00 00 10|2f f5 82 74 f8 3e f5 83 e0 f5 26 e5 19 ae 18 78
40 a0 05 60 00 00 00 10|03 c3 33 ce 33 ce d8 f9 ff 24 06 f5 82 74 f8 3e
40 a0 05 70 00 00 00 10|f5 83 e0 f5 2c 74 07 2f f5 82 74 f8 3e f5 83 e0
40 a0 05 80 00 00 00 10|f5 2b 60 03 b4 02 08 12 07 b8 12 05 cd c2 00 e5
40 a0 05 90 00 00 00 10|2b 64 01 60 06 e5 2b 64 03 70 20 30 00 04 c2 05
40 a0 05 a0 00 00 00 10|80 04 d2 00 d2 05 30 05 03 12 0b fc 12 0c 4f 12
40 a0 05 b0 00 00 00 10|05 cd 30 05 03 12 0b fc 12 07 b8 05 19 e5 19 70
40 a0 05 c0 00 00 00 0c|02 05 18 02 04 ff 20 01 03 12 08 a6
40 a0 05 cc 00 00 00 01|22
40 a0 0c 8b 00 00 00 02|c3 22
40 a0 0c 8d 00 00 00 02|d3 22
40 a0 0c 8f 00 00 00 02|d3 22
40 a0 06 f7 00 00 00 08|90 e6 ba e0 f5 35 d3 22
40 a0 06 e5 00 00 00 10|90 e7 40 e5 35 f0 e4 90 e6 8a f0 90 e6 8b 04 f0
40 a0 06 f5 00 00 00 02|d3 22
40 a0 0c 7f 00 00 00 08|90 e6 ba e0 f5 22 d3 22
40 a0 0c 3d 00 00 00 10|90 e7 40 e5 22 f0 e4 90 e6 8a f0 90 e6 8b 04 f0
40 a0 0c 4d 00 00 00 02|d3 22
40 a0 0c 91 00 00 00 02|d3 22
40 a0 0c 93 00 00 00 02|d3 22
40 a0 0c 95 00 00 00 02|d3 22
40 a0 0c 97 00 00 00 02|d3 22
40 a0 0b 3f 00 00 00 10|c0 e0 c0 83 c0 82 c0 85 c0 84 c0 86 75 86 00 d2
40 a0 0b 4f 00 00 00 10|07 53 91 ef 90 e6 5d 74 01 f0 d0 86 d0 84 d0 85
40 a0 0b 5f 00 00 00 07|d0 82 d0 83 d0 e0 32
40 a0 0b 8d 00 00 00 10|c0 e0 c0 83 c0 82 c0 85 c0 84 c0 86 75 86 00 53
40 a0 0b 9d 00 00 00 10|91 ef 90 e6 5d 74 04 f0 d0 86 d0 84 d0 85 d0 82
40 a0 0b ad 00 00 00 05|d0 83 d0 e0 32
40 a0 0b b2 00 00 00 10|c0 e0 c0 83 c0 82 c0 85 c0 84 c0 86 75 86 00 53
40 a0 0b c2 00 00 00 10|91 ef 90 e6 5d 74 02 f0 d0 86 d0 84 d0 85 d0 82
40 a0 0b d2 00 00 00 05|d0 83 d0 e0 32
40 a0 09 b7 00 00 00 10|c0 e0 c0 83 c0 82 c0 85 c0 84 c0 86 75 86 00 90
40 a0 09 c7 00 00 00 10|e6 80 e0 30 e7 0e 85 42 46 85 43 47 85 4a 48 85
40 a0 09 d7 00 00 00 10|4b 49 80 0c 85 4a 46 85 4b 47 85 42 48 85 43 49
40 a0 09 e7 00 00 00 10|53 91 ef 90 e6 5d 74 10 f0 d0 86 d0 84 d0 85 d0
40 a0 09 f7 00 00 00 06|82 d0 83 d0 e0 32
40 a0 0b 66 00 00 00 10|c0 e0 c0 83 c0 82 c0 85 c0 84 c0 86 75 86 00 d2
40 a0 0b 76 00 00 00 10|09 53 91 ef 90 e6 5d 74 08 f0 d0 86 d0 84 d0 85
40 a0 0b 86 00 00 00 07|d0 82 d0 83 d0 e0 32
40 a0 09 fd 00 00 00 10|c0 e0 c0 83 c0 82 c0 85 c0 84 c0 86 75 86 00 90
40 a0 0a 0d 00 00 00 10|e6 80 e0 30 e7 0e 85 42 46 85 43 47 85 4a 48 85
40 a0 0a 1d 00 00 00 10|4b 49 80 0c 85 4a 46 85 4b 47 85 42 48 85 43 49
40 a0 0a 2d 00 00 00 10|53 91 ef 90 e6 5d 74 20 f0 d0 86 d0 84 d0 85 d0
40 a0 0a 3d 00 00 00 06|82 d0 83 d0 e0 32
40 a0 06 ff 00 00 00 01|32
40 a0 0c 99 00 00 00 01|32
40 a0 0c 9a 00 00 00 01|32
40 a0 0c 9b 00 00 00 01|32
40 a0 0c 9c 00 00 00 01|32
40 a0 0c 9d 00 00 00 01|32
40 a0 0c 9e 00 00 00 01|32
40 a0 0c 9f 00 00 00 01|32
40 a0 0c a0 00 00 00 01|32
40 a0 0c a1 00 00 00 01|32
40 a0 0c a2 00 00 00 01|32
40 a0 0c a3 00 00 00 01|32
40 a0 0c a4 00 00 00 01|32
40 a0 0c a5 00 00 00 01|32
40 a0 0c a6 00 00 00 01|32
40 a0 0c a7 00 00 00 01|32
40 a0 0c a8 00 00 00 01|32
40 a0 0c a9 00 00 00 01|32
40 a0 0c aa 00 00 00 01|32
40 a0 0c ab 00 00 00 01|32
40 a0 0c ac 00 00 00 01|32
40 a0 0c ad 00 00 00 01|32
40 a0 0c ae 00 00 00 01|32
40 a0 0c af 00 00 00 01|32
40 a0 0c b0 00 00 00 01|32
40 a0 0c b1 00 00 00 01|32
40 a0 0c b2 00 00 00 01|32
40 a0 0c b3 00 00 00 01|32
40 a0 0c b4 00 00 00 01|32
40 a0 0c b5 00 00 00 01|32
40 a0 0c b6 00 00 00 01|32
40 a0 0c b7 00 00 00 01|32
40 a0 0c b8 00 00 00 01|32
40 a0 0c b9 00 00 00 01|32
40 a0 0c ba 00 00 00 01|32
40 a0 0c bb 00 00 00 01|32
40 a0 00 43 00 00 00 03|02 07 00
40 a0 00 53 00 00 00 03|02 07 00
40 a0 07 00 00 00 00 10|02 0b 3f 00 02 0b b2 00 02 0b 8d 00 02 0b 66 00
40 a0 07 10 00 00 00 10|02 09 b7 00 02 09 fd 00 02 06 ff 00 02 0c 99 00
40 a0 07 20 00 00 00 10|02 0c 9a 00 02 0c 9b 00 02 0c 9c 00 02 0c 9d 00
40 a0 07 30 00 00 00 10|02 0c 9e 00 02 0c 9f 00 02 0c a0 00 02 0c a1 00
40 a0 07 40 00 00 00 10|02 0c a2 00 02 0c 99 00 02 0c a3 00 02 0c a4 00
40 a0 07 50 00 00 00 10|02 0c a5 00 02 0c a6 00 02 0c a7 00 02 0c a8 00
40 a0 07 60 00 00 00 10|02 0c a9 00 02 0c 99 00 02 0c 99 00 02 0c 99 00
40 a0 07 70 00 00 00 10|02 0c aa 00 02 0c ab 00 02 0c ac 00 02 0c ad 00
40 a0 07 80 00 00 00 10|02 0c ae 00 02 0c af 00 02 0c b0 00 02 0c b1 00
40 a0 07 90 00 00 00 10|02 0c b2 00 02 0c b3 00 02 0c b4 00 02 0c b5 00
40 a0 07 a0 00 00 00 10|02 0c b6 00 02 0c b7 00 02 0c b8 00 02 0c b9 00
40 a0 07 b0 00 00 00 08|02 0c ba 00 02 0c bb 00
40 a0 0a e7 00 00 00 10|90 e6 82 e0 30 e0 04 e0 20 e6 0b 90 e6 82 e0 30
40 a0 0a f7 00 00 00 10|e1 19 e0 30 e7 15 90 e6 80 e0 44 01 f0 7f 14 7e
40 a0 0b 07 00 00 00 0c|00 12 0a 43 90 e6 80 e0 54 fe f0 22
40 a0 0b d7 00 00 00 10|90 e6 82 e0 44 c0 f0 90 e6 81 f0 43 87 01 00 00
40 a0 0b e7 00 00 00 04|00 00 00 22
40 a0 0a b8 00 00 00 10|30 0a 09 90 e6 80 e0 44 0a f0 80 07 90 e6 80 e0
40 a0 0a c8 00 00 00 10|44 08 f0 7f dc 7e 05 12 0a 43 90 e6 5d 74 ff f0
40 a0 0a d8 00 00 00 0f|90 e6 5f f0 53 91 ef 90 e6 80 e0 54 f7 f0 22
40 a0 0b 13 00 00 00 02|a9 07
40 a0 0b 15 00 00 00 10|ae 4e af 4f 8f 82 8e 83 a3 e0 64 03 70 17 ad 01
40 a0 0b 25 00 00 00 10|19 ed 70 01 22 8f 82 8e 83 e0 7c 00 2f fd ec 3e
40 a0 0b 35 00 00 00 09|fe af 05 80 df 7e 00 7f 00
40 a0 0b 3e 00 00 00 01|22
40 a0 0a 43 00 00 00 10|8e 18 8f 19 90 e6 00 e0 54 18 70 12 e5 19 24 01
40 a0 0a 53 00 00 00 10|ff e4 35 18 c3 13 f5 18 ef 13 f5 19 80 15 90 e6
40 a0 0a 63 00 00 00 10|00 e0 54 18 ff bf 10 0b e5 19 25 e0 f5 19 e5 18
40 a0 0a 73 00 00 00 10|33 f5 18 e5 19 15 19 ae 18 70 02 15 18 4e 60 05
40 a0 0a 83 00 00 00 06|12 0b eb 80 ee 22
40 a0 0b eb 00 00 00 10|74 00 f5 86 90 fd a5 7c 05 a3 e5 82 45 83 70 f9
40 a0 0b fb 00 00 00 01|22
40 a0 00 00 00 00 00 03|02 0c 5f
40 a0 0c 5f 00 00 00 0c|78 7f e4 f6 d8 fd 75 81 4f 02 02 a4
40 a0 06 85 00 00 00 10|e8 8f f0 a4 cc 8b f0 a4 2c fc e9 8e f0 a4 2c fc
40 a0 06 95 00 00 00 10|8a f0 ed a4 2c fc ea 8e f0 a4 cd a8 f0 8b f0 a4
40 a0 06 a5 00 00 00 10|2d cc 38 25 f0 fd e9 8f f0 a4 2c cd 35 f0 fc eb
40 a0 06 b5 00 00 00 10|8e f0 a4 fe a9 f0 eb 8f f0 a4 cf c5 f0 2e cd 39
40 a0 06 c5 00 00 00 0f|fe e4 3c fc ea a4 2d ce 35 f0 fd e4 3c fc 22
40 a0 06 d4 00 00 00 10|eb 9f f5 f0 ea 9e 42 f0 e9 9d 42 f0 e8 9c 45 f0
40 a0 06 e4 00 00 00 01|22
40 a0 7f 92 00 00 00 01|01
40 a0 e6 00 00 00 00 01|01
40 a0 7f 92 00 00 00 01|00
40 a0 e6 00 00 00 00 01|00
